<?xml version="1.0" encoding="UTF-8"?>
<testsuite xmlns:xsi="http://www.w3.org/2001/XMLSchema-instance" xsi:noNamespaceSchemaLocation="https://maven.apache.org/surefire/maven-surefire-plugin/xsd/surefire-test-report.xsd" name="com.project1.LicenseTest" time="0.017" tests="7" errors="0" skipped="0" failures="0">
  <properties>
[...]
</properties>
  <testcase name="testCompatibleReadme" classname="com.project1.LicenseTest" time="0.001"/>
  <testcase name="testIncompatibleReadme2" classname="com.project1.LicenseTest" time="0"/>
  <testcase name="testIncompatibleReadme3" classname="com.project1.LicenseTest" time="0"/>
  <testcase name="testCompatibleReadme2" classname="com.project1.LicenseTest" time="0"/>
  <testcase name="testCompatibleReadme3" classname="com.project1.LicenseTest" time="0"/>
  <testcase name="testCompatibleReadme4" classname="com.project1.LicenseTest" time="0"/>
  <testcase name="testIncompatibleReadme" classname="com.project1.LicenseTest" time="0.016"/>
</testsuite>