<?xml version="1.0" encoding="UTF-8"?>
<testsuite xmlns:xsi="http://www.w3.org/2001/XMLSchema-instance" xsi:noNamespaceSchemaLocation="https://maven.apache.org/surefire/maven-surefire-plugin/xsd/surefire-test-report.xsd" name="com.project1.NpmAPITest" time="0" tests="2" errors="0" skipped="2" failures="0">
  <properties>
[...]
</properties>
  <testcase name="validPackage" classname="com.project1.NpmAPITest" time="0">
    <skipped/>
  </testcase>
  <testcase name="invalidPackage" classname="com.project1.NpmAPITest" time="0">
    <skipped/>
  </testcase>
</testsuite>